{"numTotalTestSuites":18,"numPassedTestSuites":14,"numFailedTestSuites":4,"numPendingTestSuites":0,"numTotalTests":25,"numPassedTests":23,"numFailedTests":2,"numPendingTests":0,"numTodoTests":0,"snapshot":{"added":0,"failure":false,"filesAdded":0,"filesRemoved":0,"filesRemovedList":[],"filesUnmatched":0,"filesUpdated":0,"matched":0,"total":0,"unchecked":0,"uncheckedKeysByFile":[],"unmatched":0,"updated":0,"didUpdate":false},"startTime":1783212951299,"success":false,"testResults":[{"assertionResults":[{"ancestorTitles":["Frontend API layer (Apollo GraphQL)","Patients queries"],"fullName":"Frontend API layer (Apollo GraphQL) Patients queries should fetch all patients","status":"passed","title":"should fetch all patients","duration":24.152700000000095,"failureMessages":[],"meta":{}},{"ancestorTitles":["Frontend API layer (Apollo GraphQL)","Patients queries"],"fullName":"Frontend API layer (Apollo GraphQL) Patients queries should fetch one patient by ID","status":"passed","title":"should fetch one patient by ID","duration":5.207000000000107,"failureMessages":[],"meta":{}},{"ancestorTitles":["Frontend API layer (Apollo GraphQL)","Notes queries"],"fullName":"Frontend API layer (Apollo GraphQL) Notes queries should fetch all notes","status":"passed","title":"should fetch all notes","duration":3.71979999999985,"failureMessages":[],"meta":{}},{"ancestorTitles":["Frontend API layer (Apollo GraphQL)","Notes queries"],"fullName":"Frontend API layer (Apollo GraphQL) Notes queries should fetch one note by ID","status":"passed","title":"should fetch one note by ID","duration":3.5510000000001583,"failureMessages":[],"meta":{}},{"ancestorTitles":["Frontend API layer (Apollo GraphQL)","Notes queries"],"fullName":"Frontend API layer (Apollo GraphQL) Notes queries should delete a note by ID","status":"passed","title":"should delete a note by ID","duration":7.658900000000131,"failureMessages":[],"meta":{}},{"ancestorTitles":["Frontend API layer (Apollo GraphQL)","Notes queries"],"fullName":"Frontend API layer (Apollo GraphQL) Notes queries should create a TEXT note successfully","status":"passed","title":"should create a TEXT note successfully","duration":3.7328999999999724,"failureMessages":[],"meta":{}},{"ancestorTitles":["Frontend API layer (Apollo GraphQL)","Notes queries"],"fullName":"Frontend API layer (Apollo GraphQL) Notes queries should create an AUDIO note successfully","status":"passed","title":"should create an AUDIO note successfully","duration":3.039199999999937,"failureMessages":[],"meta":{}}],"startTime":1783212953119,"endTime":1783212953171.0393,"status":"passed","message":"","name":"C:/Desenv/LimeChallenge/frontend/src/api/api.spec.ts"},{"assertionResults":[{"ancestorTitles":["Frontend Shared Components","StatusBadge"],"fullName":"Frontend Shared Components StatusBadge should render correct text input badge style","status":"passed","title":"should render correct text input badge style","duration":34.589800000000196,"failureMessages":[],"meta":{}},{"ancestorTitles":["Frontend Shared Components","StatusBadge"],"fullName":"Frontend Shared Components StatusBadge should render correct audio input badge style","status":"passed","title":"should render correct audio input badge style","duration":2.5961999999999534,"failureMessages":[],"meta":{}},{"ancestorTitles":["Frontend Shared Components","StatusBadge"],"fullName":"Frontend Shared Components StatusBadge should render correct processing status badge style","status":"passed","title":"should render correct processing status badge style","duration":2.3989999999998872,"failureMessages":[],"meta":{}},{"ancestorTitles":["Frontend Shared Components","StatusBadge"],"fullName":"Frontend Shared Components StatusBadge should render correct ready status badge style","status":"passed","title":"should render correct ready status badge style","duration":1.6408000000001266,"failureMessages":[],"meta":{}},{"ancestorTitles":["Frontend Shared Components","StatusBadge"],"fullName":"Frontend Shared Components StatusBadge should render correct error status badge style","status":"passed","title":"should render correct error status badge style","duration":2.960899999999583,"failureMessages":[],"meta":{}},{"ancestorTitles":["Frontend Shared Components","PatientSelect"],"fullName":"Frontend Shared Components PatientSelect should call onChange when selecting patient option","status":"passed","title":"should call onChange when selecting patient option","duration":143.88829999999962,"failureMessages":[],"meta":{}},{"ancestorTitles":["Frontend Shared Components","NoteCard"],"fullName":"Frontend Shared Components NoteCard should render patient name, preview content and badges","status":"passed","title":"should render patient name, preview content and badges","duration":25.71559999999954,"failureMessages":[],"meta":{}},{"ancestorTitles":["Frontend Shared Components","PatientSidebar"],"fullName":"Frontend Shared Components PatientSidebar should render all fields of demographics details","status":"passed","title":"should render all fields of demographics details","duration":12.971300000000156,"failureMessages":[],"meta":{}},{"ancestorTitles":["Frontend Shared Components","NoteDetail"],"fullName":"Frontend Shared Components NoteDetail should render text note contents correctly","status":"passed","title":"should render text note contents correctly","duration":29.877300000000105,"failureMessages":[],"meta":{}},{"ancestorTitles":["Frontend Shared Components","NoteDetail"],"fullName":"Frontend Shared Components NoteDetail should render audio transcript and player details correctly","status":"passed","title":"should render audio transcript and player details correctly","duration":16.701000000000022,"failureMessages":[],"meta":{}},{"ancestorTitles":["Frontend Shared Components","LoadingSkeleton"],"fullName":"Frontend Shared Components LoadingSkeleton should render list grid skeletons","status":"passed","title":"should render list grid skeletons","duration":14.192799999999806,"failureMessages":[],"meta":{}},{"ancestorTitles":["Frontend Shared Components","LoadingSkeleton"],"fullName":"Frontend Shared Components LoadingSkeleton should render detail view page skeletons","status":"passed","title":"should render detail view page skeletons","duration":7.089899999999943,"failureMessages":[],"meta":{}},{"ancestorTitles":["Frontend Shared Components","NoteForm"],"fullName":"Frontend Shared Components NoteForm should submit text note parameters","status":"passed","title":"should submit text note parameters","duration":137.67420000000038,"failureMessages":[],"meta":{}},{"ancestorTitles":["Frontend Shared Components","NoteForm"],"fullName":"Frontend Shared Components NoteForm should toggle input forms between text and audio file","status":"passed","title":"should toggle input forms between text and audio file","duration":33.16490000000067,"failureMessages":[],"meta":{}}],"startTime":1783212955657,"endTime":1783212956123.1648,"status":"passed","message":"","name":"C:/Desenv/LimeChallenge/frontend/src/components/components.spec.tsx"},{"assertionResults":[{"ancestorTitles":["Frontend Integrated Pages","Home Page"],"fullName":"Frontend Integrated Pages Home Page should render loading skeletons then loaded notes list","status":"passed","title":"should render loading skeletons then loaded notes list","duration":164.15819999999985,"failureMessages":[],"meta":{}},{"ancestorTitles":["Frontend Integrated Pages","Home Page"],"fullName":"Frontend Integrated Pages Home Page should display error message on API query fail","status":"passed","title":"should display error message on API query fail","duration":26.838999999999942,"failureMessages":[],"meta":{}},{"ancestorTitles":["Frontend Integrated Pages","CreateNote Page"],"fullName":"Frontend Integrated Pages CreateNote Page should load patients list and handle creation redirect flow","status":"failed","title":"should load patients list and handle creation redirect flow","duration":217.65409999999974,"failureMessages":["TestingLibraryElementError: Found multiple elements with the text: /John Doe/\n\nHere are the matching elements:\n\nIgnored nodes: comments, script, style\n\u001b[36m<p\u001b[39m\n  \u001b[33mclass\u001b[39m=\u001b[32m\"MuiTypography-root MuiTypography-body2 font-bold text-slate-800 line-clamp-2 css-7ctihp-MuiTypography-root\"\u001b[39m\n\u001b[36m>\u001b[39m\n  \u001b[0mJohn Doe\u001b[0m\n\u001b[36m</p>\u001b[39m\n\nIgnored nodes: comments, script, style\n\u001b[36m<li\u001b[39m\n  \u001b[33maria-selected\u001b[39m=\u001b[32m\"false\"\u001b[39m\n  \u001b[33mclass\u001b[39m=\u001b[32m\"MuiButtonBase-root MuiMenuItem-root MuiMenuItem-gutters Mui-focusVisible MuiMenuItem-root MuiMenuItem-gutters hover:bg-slate-700 focus:bg-slate-700 css-1rju2q6-MuiButtonBase-root-MuiMenuItem-root\"\u001b[39m\n  \u001b[33mdata-value\u001b[39m=\u001b[32m\"pat-1\"\u001b[39m\n  \u001b[33mrole\u001b[39m=\u001b[32m\"option\"\u001b[39m\n  \u001b[33mtabindex\u001b[39m=\u001b[32m\"0\"\u001b[39m\n\u001b[36m>\u001b[39m\n  \u001b[0mJohn\u001b[0m\n  \u001b[0m \u001b[0m\n  \u001b[0mDoe\u001b[0m\n  \u001b[0m (MRN: \u001b[0m\n  \u001b[0mMRN001\u001b[0m\n  \u001b[0m)\u001b[0m\n\u001b[36m</li>\u001b[39m\n\n(If this is intentional, then use the `*AllBy*` variant of the query (like `queryAllByText`, `getAllByText`, or `findAllByText`)).\n\nIgnored nodes: comments, script, style\n\u001b[36m<body\u001b[39m\n  \u001b[33mstyle\u001b[39m=\u001b[32m\"padding-right: 1024px; overflow: hidden;\"\u001b[39m\n\u001b[36m>\u001b[39m\n  \u001b[36m<div\u001b[39m\n    \u001b[33maria-hidden\u001b[39m=\u001b[32m\"true\"\u001b[39m\n  \u001b[36m>\u001b[39m\n    \u001b[36m<div\u001b[39m\n      \u001b[33mclass\u001b[39m=\u001b[32m\"flex flex-row bg-slate-50 min-h-[calc(100vh-100px)] MuiBox-root css-0\"\u001b[39m\n    \u001b[36m>\u001b[39m\n      \u001b[36m<div\u001b[39m\n        \u001b[33mclass\u001b[39m=\u001b[32m\"border-r border-slate-200 bg-white flex flex-col transition-all duration-300 w-80 MuiBox-root css-0\"\u001b[39m\n        \u001b[33mstyle\u001b[39m=\u001b[32m\"height: calc(100vh - 100px);\"\u001b[39m\n      \u001b[36m>\u001b[39m\n        \u001b[36m<div\u001b[39m\n          \u001b[33mclass\u001b[39m=\u001b[32m\"p-4 border-b border-slate-100 flex items-center justify-between gap-2 overflow-hidden MuiBox-root css-0\"\u001b[39m\n        \u001b[36m>\u001b[39m\n          \u001b[36m<h6\u001b[39m\n            \u001b[33mclass\u001b[39m=\u001b[32m\"MuiTypography-root MuiTypography-subtitle1 font-bold text-slate-800 whitespace-nowrap css-1i3tsf3-MuiTypography-root\"\u001b[39m\n          \u001b[36m>\u001b[39m\n            \u001b[0mAI Clinical Scribe\u001b[0m\n            \u001b[0m (\u001b[0m\n            \u001b[0m2\u001b[0m\n            \u001b[0m)\u001b[0m\n          \u001b[36m</h6>\u001b[39m\n          \u001b[36m<div\u001b[39m\n            \u001b[33mclass\u001b[39m=\u001b[32m\"flex items-center gap-1 MuiBox-root css-0\"\u001b[39m\n          \u001b[36m>\u001b[39m\n            \u001b[36m<a\u001b[39m\n              \u001b[33mhref\u001b[39m=\u001b[32m\"/notes/new\"\u001b[39m\n            \u001b[36m>\u001b[39m\n              \u001b[36m<button\u001b[39m\n                \u001b[33mclass\u001b[39m=\u001b[32m\"MuiButtonBase-root MuiIconButton-root MuiIconButton-colorPrimary MuiIconButton-sizeSmall bg-blue-50 hover:bg-blue-100 text-blue-600 rounded-lg p-1.5 css-10rc6rd-MuiButtonBase-root-MuiIconButton-root\"\u001b[39m\n                \u001b[33mtabindex\u001b[39m=\u001b[32m\"0\"\u001b[39m\n                \u001b[33mtitle\u001b[39m=\u001b[32m\"Create new visit\"\u001b[39m\n                \u001b[33mtype\u001b[39m=\u001b[32m\"button\"\u001b[39m\n              \u001b[36m>\u001b[39m\n                \u001b[36m<svg\u001b[39m\n                  \u001b[33maria-hidden\u001b[39m=\u001b[32m\"true\"\u001b[39m\n                  \u001b[33mclass\u001b[39m=\u001b[32m\"MuiSvgIcon-root MuiSvgIcon-fontSizeSmall css-120dh41-MuiSvgIcon-root\"\u001b[39m\n                  \u001b[33mdata-testid\u001b[39m=\u001b[32m\"AddIcon\"\u001b[39m\n                  \u001b[33mfocusable\u001b[39m=\u001b[32m\"false\"\u001b[39m\n                  \u001b[33mviewBox\u001b[39m=\u001b[32m\"0 0 24 24\"\u001b[39m\n                \u001b[36m>\u001b[39m\n                  \u001b[36m<path\u001b[39m\n                    \u001b[33md\u001b[39m=\u001b[32m\"M19 13h-6v6h-2v-6H5v-2h6V5h2v6h6z\"\u001b[39m\n                  \u001b[36m/>\u001b[39m\n                \u001b[36m</svg>\u001b[39m\n              \u001b[36m</button>\u001b[39m\n            \u001b[36m</a>\u001b[39m\n            \u001b[36m<button\u001b[39m\n              \u001b[33mclass\u001b[39m=\u001b[32m\"MuiButtonBase-root MuiIconButton-root MuiIconButton-sizeSmall text-slate-400 p-1 css-155wbr6-MuiButtonBase-root-MuiIconButton-root\"\u001b[39m\n              \u001b[33mtabindex\u001b[39m=\u001b[32m\"0\"\u001b[39m\n              \u001b[33mtype\u001b[39m=\u001b[32m\"button\"\u001b[39m\n            \u001b[36m>\u001b[39m\n              \u001b[36m<svg\u001b[39m\n                \u001b[33maria-hidden\u001b[39m=\u001b[32m\"true\"\u001b[39m\n                \u001b[33mclass\u001b[39m=\u001b[32m\"MuiSvgIcon-root MuiSvgIcon-fontSizeSmall css-120dh41-MuiSvgIcon-root\"\u001b[39m\n                \u001b[33mdata-testid\u001b[39m=\u001b[32m\"ChevronLeftIcon\"\u001b[39m\n                \u001b[33mfocusable\u001b[39m=\u001b[32m\"false\"\u001b[39m\n                \u001b[33mviewBox\u001b[39m=\u001b[32m\"0 0 24 24\"\u001b[39m\n              \u001b[36m>\u001b[39m\n                \u001b[36m<path\u001b[39m\n                  \u001b[33md\u001b[39m=\u001b[32m\"M15.41 7.41 14 6l-6 6 6 6 1.41-1.41L10.83 12z\"\u001b[39m\n                \u001b[36m/>\u001b[39m\n              \u001b[36m</svg>\u001b[39m\n            \u001b[36m</button>\u001b[39m\n          \u001b[36m</div>\u001b[39m\n        \u001b[36m</div>\u001b[39m\n        \u001b[36m<div\u001b[39m\n          \u001b[33mclass\u001b[39m=\u001b[32m\"flex-1 overflow-y-auto p-3 flex flex-col gap-3 MuiBox-root css-0\"\u001b[39m\n        \u001b[36m>\u001b[39m\n          \u001b[36m<a\u001b[39m\n            \u001b[33mclass\u001b[39m=\u001b[32m\"no-underline\"\u001b[39m\n            \u001b[33mhref\u001b[39m=\u001b[32m\"/notes/note-1\"\u001b[39m\n          \u001b[36m>\u001b[39m\n            \u001b[36m<div\u001b[39m\n              \u001b[33mclass\u001b[39m=\u001b[32m\"MuiPaper-root MuiPaper-elevation MuiPaper-rounded MuiPaper-elevation0 p-3.5 border transition-all rounded-lg cursor-pointer border-slate-200 bg-white hover:bg-slate-50 css-1gtchvp-MuiPaper-root\"\u001b[39m\n              \u001b[33mstyle\u001b[39m=\u001b[32m\"--Paper-shadow: none;\"\u001b[39m\n            \u001b[36m>\u001b[39m\n              \u001b[36m<div\u001b[39m\n                \u001b[33mclass\u001b[39m=\u001b[32m\"flex flex-col gap-2 MuiBox-root css-0\"\u001b[39m\n              \u001b[36m>\u001b[39m\n                \u001b[36m<div\u001b[39m\n                  \u001b[33mclass\u001b[39m=\u001b[32m\"flex justify-between items-center gap-2 MuiBox-root css-0\"\u001b[39m\n                \u001b[36m>\u001b[39m\n                  \u001b[36m<span\u001b[39m\n                    \u001b[33mclass\u001b[39m=\u001b[32m\"MuiTypography-root MuiTypography-caption text-slate-400 font-medium css-mpaqru-MuiTypography-root\"\u001b[39m\n                  \u001b[36m>\u001b[39m\n                    \u001b[0m📅 \u001b[0m\n                    \u001b[0m7/4/2026, 09:00 AM\u001b[0m\n                  \u001b[36m</span>\u001b[39m\n                  \u001b[36m<div\u001b[39m\n                    \u001b[33mclass\u001b[39m=\u001b[32m\"MuiChip-root MuiChip-filled MuiChip-sizeSmall MuiChip-colorDefault MuiChip-filledDefault font-semibold rounded-full border text-xs bg-green-50 text-green-700 border-green-200 font-semibold css-8aqjdy-MuiChip-root\"\u001b[39m\n                  \u001b[36m>\u001b[39m\n                    \u001b[36m<span\u001b[39m\n                      \u001b[33mclass\u001b[39m=\u001b[32m\"MuiChip-label MuiChip-labelSmall css-eccknh-MuiChip-label\"\u001b[39m\n                    \u001b[36m>\u001b[39m\n                      \u001b[0m✓ Ready\u001b[0m\n                    \u001b[36m</span>\u001b[39m\n                  \u001b[36m</div>\u001b[39m\n                \u001b[36m</div>\u001b[39m\n                \u001b[36m<p\u001b[39m\n                  \u001b[33mclass\u001b[39m=\u001b[32m\"MuiTypography-root MuiTypography-body2 font-bold text-slate-800 line-clamp-2 css-7ctihp-MuiTypography-root\"\u001b[39m\n                \u001b[36m>\u001b[39m\n                  \u001b[0mJohn Doe\u001b[0m\n                \u001b[36m</p>\u001b[39m\n                \u001b[36m<span\u001b[39m\n                  \u001b[33mclass\u001b[39m=\u001b[32m\"MuiTypography-root MuiTypography-caption text-slate-500 capitalize css-mpaqru-MuiTypography-root\"\u001b[39m\n                \u001b[36m>\u001b[39m\n                  \u001b[0m📝 Typed note\u001b[0m\n                \u001b[36m</span>\u001b[39m\n              \u001b[36m</div>\u001b[39m\n            \u001b[36m</div>\u001b[39m\n          \u001b[36m</a>\u001b[39m\n          \u001b[36m<a\u001b[39m\n            \u001b[33mclass\u001b[39m=\u001b[32m\"no-underline\"\u001b[39m\n            \u001b[33mhref\u001b[39m=\u001b[32m\"/notes/note-2\"\u001b[39m\n          \u001b[36m>\u001b[39m\n            \u001b[36m<div\u001b[39m\n              \u001b[33mclass\u001b[39m=\u001b[32m\"MuiPaper-root MuiPaper-elevation MuiPaper-rounded MuiPaper-elevation0 p-3.5 border transition-all rounded-lg cursor-pointer border-slate-200 bg-white hover:bg-slate-50 css-1gtchvp-MuiPaper-root\"\u001b[39m\n              \u001b[33mstyle\u001b[39m=\u001b[32m\"--Paper-shadow: none;\"\u001b[39m\n            \u001b[36m>\u001b[39m\n              \u001b[36m<div\u001b[39m\n                \u001b[33mclass\u001b[39m=\u001b[32m\"flex flex-col gap-2 MuiBox-root css-0\"\u001b[39m\n              \u001b[36m>\u001b[39m\n                \u001b[36m<div\u001b[39m\n                  \u001b[33mclass\u001b[39m=\u001b[32m\"flex justify-between items-center gap-2 MuiBox-root css-0\"\u001b[39m\n                \u001b[36m>\u001b[39m\n                  \u001b[36m<span\u001b[39m\n                    \u001b[33mclass\u001b[39m=\u001b[32m\"MuiTypography-root MuiTypography-caption text-slate-400 font-medium css-mpaqru-MuiTypography-root\"\u001b[39m\n                  \u001b[36m>\u001b[39m\n                    \u001b[0m📅 \u001b[0m\n           ...\n    at Object.getElementError (C:\\Desenv\\LimeChallenge\\frontend\\node_modules\\@testing-library\\dom\\dist\\config.js:37:19)\n    at getElementError (C:\\Desenv\\LimeChallenge\\frontend\\node_modules\\@testing-library\\dom\\dist\\query-helpers.js:20:35)\n    at getMultipleElementsFoundError (C:\\Desenv\\LimeChallenge\\frontend\\node_modules\\@testing-library\\dom\\dist\\query-helpers.js:23:10)\n    at C:\\Desenv\\LimeChallenge\\frontend\\node_modules\\@testing-library\\dom\\dist\\query-helpers.js:55:13\n    at C:\\Desenv\\LimeChallenge\\frontend\\node_modules\\@testing-library\\dom\\dist\\query-helpers.js:95:19\n    at C:\\Desenv\\LimeChallenge\\frontend\\src\\pages\\pages.spec.tsx:98:30\n    at file:///C:/Desenv/LimeChallenge/frontend/node_modules/@vitest/runner/dist/index.js:533:5\n    at runTest (file:///C:/Desenv/LimeChallenge/frontend/node_modules/@vitest/runner/dist/index.js:1056:11)\n    at runSuite (file:///C:/Desenv/LimeChallenge/frontend/node_modules/@vitest/runner/dist/index.js:1205:15)\n    at runSuite (file:///C:/Desenv/LimeChallenge/frontend/node_modules/@vitest/runner/dist/index.js:1205:15)"],"meta":{}},{"ancestorTitles":["Frontend Integrated Pages","NoteDetail Page"],"fullName":"Frontend Integrated Pages NoteDetail Page should render detailed note content, patient details, and handle delete trigger","status":"failed","title":"should render detailed note content, patient details, and handle delete trigger","duration":1016.8451000000005,"failureMessages":["Error: Found multiple elements with the text: John Doe\n\nHere are the matching elements:\n\nIgnored nodes: comments, script, style\n\u001b[36m<p\u001b[39m\n  \u001b[33mclass\u001b[39m=\u001b[32m\"MuiTypography-root MuiTypography-body2 font-bold text-slate-800 line-clamp-2 css-7ctihp-MuiTypography-root\"\u001b[39m\n\u001b[36m>\u001b[39m\n  \u001b[0mJohn Doe\u001b[0m\n\u001b[36m</p>\u001b[39m\n\nIgnored nodes: comments, script, style\n\u001b[36m<h4\u001b[39m\n  \u001b[33mclass\u001b[39m=\u001b[32m\"MuiTypography-root MuiTypography-h4 text-slate-900 font-extrabold tracking-tight css-f84ov1-MuiTypography-root\"\u001b[39m\n\u001b[36m>\u001b[39m\n  \u001b[0mJohn Doe\u001b[0m\n\u001b[36m</h4>\u001b[39m\n\nIgnored nodes: comments, script, style\n\u001b[36m<span\u001b[39m\n  \u001b[33mclass\u001b[39m=\u001b[32m\"text-slate-200 text-base font-medium\"\u001b[39m\n\u001b[36m>\u001b[39m\n  \u001b[0mJohn\u001b[0m\n  \u001b[0m \u001b[0m\n  \u001b[0mDoe\u001b[0m\n\u001b[36m</span>\u001b[39m\n\n(If this is intentional, then use the `*AllBy*` variant of the query (like `queryAllByText`, `getAllByText`, or `findAllByText`)).\n\nIgnored nodes: comments, script, style\n\u001b[36m<body\u001b[39m\n  \u001b[33mstyle\u001b[39m=\u001b[32m\"\"\u001b[39m\n\u001b[36m>\u001b[39m\n  \u001b[36m<div>\u001b[39m\n    \u001b[36m<div\u001b[39m\n      \u001b[33mclass\u001b[39m=\u001b[32m\"flex flex-row bg-slate-50 min-h-[calc(100vh-100px)] MuiBox-root css-0\"\u001b[39m\n    \u001b[36m>\u001b[39m\n      \u001b[36m<div\u001b[39m\n        \u001b[33mclass\u001b[39m=\u001b[32m\"border-r border-slate-200 bg-white flex flex-col transition-all duration-300 w-80 MuiBox-root css-0\"\u001b[39m\n        \u001b[33mstyle\u001b[39m=\u001b[32m\"height: calc(100vh - 100px);\"\u001b[39m\n      \u001b[36m>\u001b[39m\n        \u001b[36m<div\u001b[39m\n          \u001b[33mclass\u001b[39m=\u001b[32m\"p-4 border-b border-slate-100 flex items-center justify-between gap-2 overflow-hidden MuiBox-root css-0\"\u001b[39m\n        \u001b[36m>\u001b[39m\n          \u001b[36m<h6\u001b[39m\n            \u001b[33mclass\u001b[39m=\u001b[32m\"MuiTypography-root MuiTypography-subtitle1 font-bold text-slate-800 whitespace-nowrap css-1i3tsf3-MuiTypography-root\"\u001b[39m\n          \u001b[36m>\u001b[39m\n            \u001b[0mAI Clinical Scribe\u001b[0m\n            \u001b[0m (\u001b[0m\n            \u001b[0m2\u001b[0m\n            \u001b[0m)\u001b[0m\n          \u001b[36m</h6>\u001b[39m\n          \u001b[36m<div\u001b[39m\n            \u001b[33mclass\u001b[39m=\u001b[32m\"flex items-center gap-1 MuiBox-root css-0\"\u001b[39m\n          \u001b[36m>\u001b[39m\n            \u001b[36m<a\u001b[39m\n              \u001b[33mhref\u001b[39m=\u001b[32m\"/notes/new\"\u001b[39m\n            \u001b[36m>\u001b[39m\n              \u001b[36m<button\u001b[39m\n                \u001b[33mclass\u001b[39m=\u001b[32m\"MuiButtonBase-root MuiIconButton-root MuiIconButton-colorPrimary MuiIconButton-sizeSmall bg-blue-50 hover:bg-blue-100 text-blue-600 rounded-lg p-1.5 css-10rc6rd-MuiButtonBase-root-MuiIconButton-root\"\u001b[39m\n                \u001b[33mtabindex\u001b[39m=\u001b[32m\"0\"\u001b[39m\n                \u001b[33mtitle\u001b[39m=\u001b[32m\"Create new visit\"\u001b[39m\n                \u001b[33mtype\u001b[39m=\u001b[32m\"button\"\u001b[39m\n              \u001b[36m>\u001b[39m\n                \u001b[36m<svg\u001b[39m\n                  \u001b[33maria-hidden\u001b[39m=\u001b[32m\"true\"\u001b[39m\n                  \u001b[33mclass\u001b[39m=\u001b[32m\"MuiSvgIcon-root MuiSvgIcon-fontSizeSmall css-120dh41-MuiSvgIcon-root\"\u001b[39m\n                  \u001b[33mdata-testid\u001b[39m=\u001b[32m\"AddIcon\"\u001b[39m\n                  \u001b[33mfocusable\u001b[39m=\u001b[32m\"false\"\u001b[39m\n                  \u001b[33mviewBox\u001b[39m=\u001b[32m\"0 0 24 24\"\u001b[39m\n                \u001b[36m>\u001b[39m\n                  \u001b[36m<path\u001b[39m\n                    \u001b[33md\u001b[39m=\u001b[32m\"M19 13h-6v6h-2v-6H5v-2h6V5h2v6h6z\"\u001b[39m\n                  \u001b[36m/>\u001b[39m\n                \u001b[36m</svg>\u001b[39m\n              \u001b[36m</button>\u001b[39m\n            \u001b[36m</a>\u001b[39m\n            \u001b[36m<button\u001b[39m\n              \u001b[33mclass\u001b[39m=\u001b[32m\"MuiButtonBase-root MuiIconButton-root MuiIconButton-sizeSmall text-slate-400 p-1 css-155wbr6-MuiButtonBase-root-MuiIconButton-root\"\u001b[39m\n              \u001b[33mtabindex\u001b[39m=\u001b[32m\"0\"\u001b[39m\n              \u001b[33mtype\u001b[39m=\u001b[32m\"button\"\u001b[39m\n            \u001b[36m>\u001b[39m\n              \u001b[36m<svg\u001b[39m\n                \u001b[33maria-hidden\u001b[39m=\u001b[32m\"true\"\u001b[39m\n                \u001b[33mclass\u001b[39m=\u001b[32m\"MuiSvgIcon-root MuiSvgIcon-fontSizeSmall css-120dh41-MuiSvgIcon-root\"\u001b[39m\n                \u001b[33mdata-testid\u001b[39m=\u001b[32m\"ChevronLeftIcon\"\u001b[39m\n                \u001b[33mfocusable\u001b[39m=\u001b[32m\"false\"\u001b[39m\n                \u001b[33mviewBox\u001b[39m=\u001b[32m\"0 0 24 24\"\u001b[39m\n              \u001b[36m>\u001b[39m\n                \u001b[36m<path\u001b[39m\n                  \u001b[33md\u001b[39m=\u001b[32m\"M15.41 7.41 14 6l-6 6 6 6 1.41-1.41L10.83 12z\"\u001b[39m\n                \u001b[36m/>\u001b[39m\n              \u001b[36m</svg>\u001b[39m\n            \u001b[36m</button>\u001b[39m\n          \u001b[36m</div>\u001b[39m\n        \u001b[36m</div>\u001b[39m\n        \u001b[36m<div\u001b[39m\n          \u001b[33mclass\u001b[39m=\u001b[32m\"flex-1 overflow-y-auto p-3 flex flex-col gap-3 MuiBox-root css-0\"\u001b[39m\n        \u001b[36m>\u001b[39m\n          \u001b[36m<a\u001b[39m\n            \u001b[33mclass\u001b[39m=\u001b[32m\"no-underline\"\u001b[39m\n            \u001b[33mhref\u001b[39m=\u001b[32m\"/notes/note-1\"\u001b[39m\n          \u001b[36m>\u001b[39m\n            \u001b[36m<div\u001b[39m\n              \u001b[33mclass\u001b[39m=\u001b[32m\"MuiPaper-root MuiPaper-elevation MuiPaper-rounded MuiPaper-elevation0 p-3.5 border transition-all rounded-lg cursor-pointer border-blue-500 bg-blue-50/50 shadow-sm css-1gtchvp-MuiPaper-root\"\u001b[39m\n              \u001b[33mstyle\u001b[39m=\u001b[32m\"--Paper-shadow: none;\"\u001b[39m\n            \u001b[36m>\u001b[39m\n              \u001b[36m<div\u001b[39m\n                \u001b[33mclass\u001b[39m=\u001b[32m\"flex flex-col gap-2 MuiBox-root css-0\"\u001b[39m\n              \u001b[36m>\u001b[39m\n                \u001b[36m<div\u001b[39m\n                  \u001b[33mclass\u001b[39m=\u001b[32m\"flex justify-between items-center gap-2 MuiBox-root css-0\"\u001b[39m\n                \u001b[36m>\u001b[39m\n                  \u001b[36m<span\u001b[39m\n                    \u001b[33mclass\u001b[39m=\u001b[32m\"MuiTypography-root MuiTypography-caption text-slate-400 font-medium css-mpaqru-MuiTypography-root\"\u001b[39m\n                  \u001b[36m>\u001b[39m\n                    \u001b[0m📅 \u001b[0m\n                    \u001b[0m7/4/2026, 09:00 AM\u001b[0m\n                  \u001b[36m</span>\u001b[39m\n                  \u001b[36m<div\u001b[39m\n                    \u001b[33mclass\u001b[39m=\u001b[32m\"MuiChip-root MuiChip-filled MuiChip-sizeSmall MuiChip-colorDefault MuiChip-filledDefault font-semibold rounded-full border text-xs bg-green-50 text-green-700 border-green-200 font-semibold css-8aqjdy-MuiChip-root\"\u001b[39m\n                  \u001b[36m>\u001b[39m\n                    \u001b[36m<span\u001b[39m\n                      \u001b[33mclass\u001b[39m=\u001b[32m\"MuiChip-label MuiChip-labelSmall css-eccknh-MuiChip-label\"\u001b[39m\n                    \u001b[36m>\u001b[39m\n                      \u001b[0m✓ Ready\u001b[0m\n                    \u001b[36m</span>\u001b[39m\n                  \u001b[36m</div>\u001b[39m\n                \u001b[36m</div>\u001b[39m\n                \u001b[36m<p\u001b[39m\n                  \u001b[33mclass\u001b[39m=\u001b[32m\"MuiTypography-root MuiTypography-body2 font-bold text-slate-800 line-clamp-2 css-7ctihp-MuiTypography-root\"\u001b[39m\n                \u001b[36m>\u001b[39m\n                  \u001b[0mJohn Doe\u001b[0m\n                \u001b[36m</p>\u001b[39m\n                \u001b[36m<span\u001b[39m\n                  \u001b[33mclass\u001b[39m=\u001b[32m\"MuiTypography-root MuiTypography-caption text-slate-500 capitalize css-mpaqru-MuiTypography-root\"\u001b[39m\n                \u001b[36m>\u001b[39m\n                  \u001b[0m📝 Typed note\u001b[0m\n                \u001b[36m</span>\u001b[39m\n              \u001b[36m</div>\u001b[39m\n            \u001b[36m</div>\u001b[39m\n          \u001b[36m</a>\u001b[39m\n          \u001b[36m<a\u001b[39m\n            \u001b[33mclass\u001b[39m=\u001b[32m\"no-underline\"\u001b[39m\n            \u001b[33mhref\u001b[39m=\u001b[32m\"/notes/note-2\"\u001b[39m\n          \u001b[36m>\u001b[39m\n            \u001b[36m<div\u001b[39m\n              \u001b[33mclass\u001b[39m=\u001b[32m\"MuiPaper-root MuiPaper-elevation MuiPaper-rounded MuiPaper-elevation0 p-3.5 border transition-all rounded-lg cursor-pointer border-slate-200 bg-white hover:bg-slate-50 css-1gtchvp-MuiPaper-root\"\u001b[39m\n              \u001b[33mstyle\u001b[39m=\u001b[32m\"--Paper-shadow: none;\"\u001b[39m\n            \u001b[36m>\u001b[39m\n              \u001b[36m<div\u001b[39m\n                \u001b[33mclass\u001b[39m=\u001b[32m\"flex flex-col gap-2 MuiBox-root css-0\"\u001b[39m\n              \u001b[36m>\u001b[39m\n                \u001b[36m<div\u001b[39m\n                  \u001b[33mclass\u001b[39m=\u001b[32m\"flex justify-between items-center gap-2 MuiBox-root css-0\"\u001b[39m\n                \u001b[36m>\u001b[39m\n                  \u001b[36m<span\u001b[39m\n                    \u001b[33mclass\u001b[39m=\u001b[32m\"MuiTypography-root MuiTypography-caption text-slate-400 font-medium css-mpaqru-MuiTypography-root\"\u001b[39m\n                  \u001b[36m>\u001b[39m\n                    \u001b[0m📅 \u001b[0m\n                    \u001b[0m7/4/2026, 10:00 AM\u001b[0m\n                  \u001b[36m</span>\u001b[39m\n                  \u001b[36m<div\u001b...\n    at Proxy.waitForWrapper (C:\\Desenv\\LimeChallenge\\frontend\\node_modules\\@testing-library\\dom\\dist\\wait-for.js:163:27)\n    at C:\\Desenv\\LimeChallenge\\frontend\\src\\pages\\pages.spec.tsx:140:13\n    at file:///C:/Desenv/LimeChallenge/frontend/node_modules/@vitest/runner/dist/index.js:146:14\n    at file:///C:/Desenv/LimeChallenge/frontend/node_modules/@vitest/runner/dist/index.js:533:11\n    at runWithTimeout (file:///C:/Desenv/LimeChallenge/frontend/node_modules/@vitest/runner/dist/index.js:39:7)\n    at runTest (file:///C:/Desenv/LimeChallenge/frontend/node_modules/@vitest/runner/dist/index.js:1056:17)\n    at runSuite (file:///C:/Desenv/LimeChallenge/frontend/node_modules/@vitest/runner/dist/index.js:1205:15)\n    at runSuite (file:///C:/Desenv/LimeChallenge/frontend/node_modules/@vitest/runner/dist/index.js:1205:15)\n    at runSuite (file:///C:/Desenv/LimeChallenge/frontend/node_modules/@vitest/runner/dist/index.js:1205:15)\n    at runFiles (file:///C:/Desenv/LimeChallenge/frontend/node_modules/@vitest/runner/dist/index.js:1262:5)"],"meta":{}}],"startTime":1783212956036,"endTime":1783212957461.8452,"status":"failed","message":"","name":"C:/Desenv/LimeChallenge/frontend/src/pages/pages.spec.tsx"}]}